#
# There is insufficient memory for the Java Runtime Environment to continue.
# Native memory allocation (mmap) failed to map 536870912 bytes for Failed to commit area from 0x0000000601200000 to 0x0000000621200000 of length 536870912.
# Possible reasons:
#   The system is out of physical RAM or swap space
#   The process is running with CompressedOops enabled, and the Java Heap may be blocking the growth of the native heap
# Possible solutions:
#   Reduce memory load on the system
#   Increase physical memory or swap space
#   Check if swap backing store is full
#   Decrease Java heap size (-Xmx/-Xms)
#   Decrease number of Java threads
#   Decrease Java thread stack sizes (-Xss)
#   Set larger code cache with -XX:ReservedCodeCacheSize=
# This output file may be truncated or incomplete.
#
#  Out of Memory Error (./src/hotspot/os/windows/os_windows.cpp:3387), pid=60080, tid=24508
#
# JRE version:  (11.0.14.1+1) (build )
# Java VM: OpenJDK 64-Bit Server VM (11.0.14.1+1, mixed mode, sharing, tiered, compressed oops, g1 gc, windows-amd64)
# No core dump will be written. Minidumps are not enabled by default on client versions of Windows
#

---------------  S U M M A R Y ------------

Command Line: 

Host: AMD Ryzen 7 5700X 8-Core Processor             , 16 cores, 31G,  Windows 10 , 64 bit Build 19041 (10.0.19041.2364)
Time: Mon Jul 22 07:12:14 2024 RTZ 1 (зима) elapsed time: 0.008009 seconds (0d 0h 0m 0s)

---------------  T H R E A D  ---------------

Current thread (0x000001aedad57800):  JavaThread "Unknown thread" [_thread_in_vm, id=24508, stack(0x0000002e9fd00000,0x0000002e9fe00000)]

Stack: [0x0000002e9fd00000,0x0000002e9fe00000]
Native frames: (J=compiled Java code, j=interpreted, Vv=VM code, C=native code)
V  [jvm.dll+0x61e59a]
V  [jvm.dll+0x7aaca9]
V  [jvm.dll+0x7ac398]
V  [jvm.dll+0x7aca73]
V  [jvm.dll+0x24f9b8]
V  [jvm.dll+0x61b83a]
V  [jvm.dll+0x6100c5]
V  [jvm.dll+0x30772c]
V  [jvm.dll+0x3075b2]
V  [jvm.dll+0x30c2d6]
V  [jvm.dll+0x35272f]
V  [jvm.dll+0x352160]
V  [jvm.dll+0x2e4728]
V  [jvm.dll+0x2e5886]
V  [jvm.dll+0x784b07]
V  [jvm.dll+0x78628f]
V  [jvm.dll+0x35f479]
V  [jvm.dll+0x767aa0]
V  [jvm.dll+0x3ccf1f]
V  [jvm.dll+0x3cf2b1]
C  [jli.dll+0x5207]
C  [ucrtbase.dll+0x21bb2]
C  [KERNEL32.DLL+0x17614]
C  [ntdll.dll+0x526a1]


---------------  P R O C E S S  ---------------

Threads class SMR info:
_java_thread_list=0x000001aed8a05610, length=0, elements={
}

Java Threads: ( => current thread )

Other Threads:
  0x000001aedad6f800 GCTaskThread "GC Thread#0" [stack: 0x0000002e9fe00000,0x0000002e9ff00000] [id=50600]
  0x000001aedadf6800 ConcurrentGCThread "G1 Main Marker" [stack: 0x0000002e9ff00000,0x0000002ea0000000] [id=49488]
  0x000001aedadf7800 ConcurrentGCThread "G1 Conc#0" [stack: 0x0000002ea0000000,0x0000002ea0100000] [id=3968]

[error occurred during error reporting (printing all threads), id 0xc0000005, EXCEPTION_ACCESS_VIOLATION (0xc0000005) at pc=0x00007ffe2def3ef7]

VM state:not at safepoint (not fully initialized)

VM Mutex/Monitor currently owned by a thread:  ([mutex/lock_event])
[0x000001aedad54990] Heap_lock - owner thread: 0x000001aedad57800

Heap address: 0x0000000601200000, size: 8174 MB, Compressed Oops mode: Non-zero based: 0x0000000601200000
Narrow klass base: 0x0000000000000000, Narrow klass shift: 0

GC Heap History (0 events):
No events

Deoptimization events (0 events):
No events

Classes redefined (0 events):
No events

Internal exceptions (0 events):
No events

Events (1 events):
Event: 0.004 Loaded shared library D:\Unity\2022.3.38f1\Editor\Data\PlaybackEngines\AndroidPlayer\OpenJDK\bin\zip.dll


Dynamic libraries:
0x00007ff716350000 - 0x00007ff71635d000 	D:\Unity\2022.3.38f1\Editor\Data\PlaybackEngines\AndroidPlayer\OpenJDK\bin\java.exe
0x00007ffeb2350000 - 0x00007ffeb2548000 	C:\Windows\SYSTEM32\ntdll.dll
0x00007ffe7e3b0000 - 0x00007ffe7e3c9000 	C:\Program Files\AVAST Software\Avast\aswhook.dll
0x00007ffeb17c0000 - 0x00007ffeb187f000 	C:\Windows\System32\KERNEL32.DLL
0x00007ffeaf2c0000 - 0x00007ffeaf592000 	C:\Windows\System32\KERNELBASE.dll
0x00007ffeaf110000 - 0x00007ffeaf210000 	C:\Windows\System32\ucrtbase.dll
0x00007ffe76b80000 - 0x00007ffe76b97000 	D:\Unity\2022.3.38f1\Editor\Data\PlaybackEngines\AndroidPlayer\OpenJDK\bin\jli.dll
0x00007ffe76b60000 - 0x00007ffe76b75000 	D:\Unity\2022.3.38f1\Editor\Data\PlaybackEngines\AndroidPlayer\OpenJDK\bin\VCRUNTIME140.dll
0x00007ffeafbd0000 - 0x00007ffeafd71000 	C:\Windows\System32\USER32.dll
0x00007ffeaf8d0000 - 0x00007ffeaf8f2000 	C:\Windows\System32\win32u.dll
0x00007ffe993c0000 - 0x00007ffe9965a000 	C:\Windows\WinSxS\amd64_microsoft.windows.common-controls_6595b64144ccf1df_6.0.19041.1110_none_60b5254171f9507e\COMCTL32.dll
0x00007ffeb1fc0000 - 0x00007ffeb1feb000 	C:\Windows\System32\GDI32.dll
0x00007ffeb1a60000 - 0x00007ffeb1afe000 	C:\Windows\System32\msvcrt.dll
0x00007ffeaf790000 - 0x00007ffeaf89f000 	C:\Windows\System32\gdi32full.dll
0x00007ffeaf910000 - 0x00007ffeaf9ad000 	C:\Windows\System32\msvcp_win.dll
0x00007ffeaf9e0000 - 0x00007ffeafa12000 	C:\Windows\System32\IMM32.DLL
0x00007ffe72770000 - 0x00007ffe7280b000 	D:\Unity\2022.3.38f1\Editor\Data\PlaybackEngines\AndroidPlayer\OpenJDK\bin\msvcp140.dll
0x00007ffe2dc00000 - 0x00007ffe2e781000 	D:\Unity\2022.3.38f1\Editor\Data\PlaybackEngines\AndroidPlayer\OpenJDK\bin\server\jvm.dll
0x00007ffeb2140000 - 0x00007ffeb21ee000 	C:\Windows\System32\ADVAPI32.dll
0x00007ffeb20a0000 - 0x00007ffeb213c000 	C:\Windows\System32\sechost.dll
0x00007ffeb0120000 - 0x00007ffeb0245000 	C:\Windows\System32\RPCRT4.dll
0x00007ffeb1b00000 - 0x00007ffeb1b08000 	C:\Windows\System32\PSAPI.DLL
0x00007ffea45d0000 - 0x00007ffea45f7000 	C:\Windows\SYSTEM32\WINMM.dll
0x00007ffe97800000 - 0x00007ffe97809000 	C:\Windows\SYSTEM32\WSOCK32.dll
0x00007ffea8130000 - 0x00007ffea813a000 	C:\Windows\SYSTEM32\VERSION.dll
0x00007ffeafb00000 - 0x00007ffeafb6b000 	C:\Windows\System32\WS2_32.dll
0x00007ffeacf00000 - 0x00007ffeacf12000 	C:\Windows\SYSTEM32\kernel.appcore.dll
0x00007ffeaac00000 - 0x00007ffeaac10000 	D:\Unity\2022.3.38f1\Editor\Data\PlaybackEngines\AndroidPlayer\OpenJDK\bin\verify.dll
0x00007ffea5aa0000 - 0x00007ffea5c84000 	C:\Windows\SYSTEM32\DBGHELP.DLL
0x00007ffea53a0000 - 0x00007ffea53d5000 	C:\Windows\SYSTEM32\dbgcore.DLL
0x00007ffeaf700000 - 0x00007ffeaf782000 	C:\Windows\System32\bcryptPrimitives.dll
0x00007ffe75840000 - 0x00007ffe75868000 	D:\Unity\2022.3.38f1\Editor\Data\PlaybackEngines\AndroidPlayer\OpenJDK\bin\java.dll
0x00007ffe87230000 - 0x00007ffe8723a000 	D:\Unity\2022.3.38f1\Editor\Data\PlaybackEngines\AndroidPlayer\OpenJDK\bin\jimage.dll
0x00007ffe751e0000 - 0x00007ffe751f8000 	D:\Unity\2022.3.38f1\Editor\Data\PlaybackEngines\AndroidPlayer\OpenJDK\bin\zip.dll

dbghelp: loaded successfully - version: 4.0.5 - missing functions: none
symbol engine: initialized successfully - sym options: 0x614 - pdb path: .;D:\Unity\2022.3.38f1\Editor\Data\PlaybackEngines\AndroidPlayer\OpenJDK\bin;C:\Windows\SYSTEM32;C:\Program Files\AVAST Software\Avast;C:\Windows\WinSxS\amd64_microsoft.windows.common-controls_6595b64144ccf1df_6.0.19041.1110_none_60b5254171f9507e;D:\Unity\2022.3.38f1\Editor\Data\PlaybackEngines\AndroidPlayer\OpenJDK\bin\server

VM Arguments:
java_command: <unknown>
java_class_path (initial): <not set>
Launcher Type: SUN_STANDARD

[Global flags]
     intx CICompilerCount                          = 12                                        {product} {ergonomic}
     uint ConcGCThreads                            = 3                                         {product} {ergonomic}
     uint G1ConcRefinementThreads                  = 13                                        {product} {ergonomic}
   size_t G1HeapRegionSize                         = 2097152                                   {product} {ergonomic}
    uintx GCDrainStackTargetSize                   = 64                                        {product} {ergonomic}
   size_t InitialHeapSize                          = 536870912                                 {product} {ergonomic}
   size_t MarkStackSize                            = 4194304                                   {product} {ergonomic}
   size_t MaxHeapSize                              = 8571060224                                {product} {ergonomic}
   size_t MinHeapDeltaBytes                        = 2097152                                   {product} {ergonomic}
    uintx NonNMethodCodeHeapSize                   = 7594288                                {pd product} {ergonomic}
    uintx NonProfiledCodeHeapSize                  = 122031976                              {pd product} {ergonomic}
    uintx ProfiledCodeHeapSize                     = 122031976                              {pd product} {ergonomic}
    uintx ReservedCodeCacheSize                    = 251658240                              {pd product} {ergonomic}
     bool SegmentedCodeCache                       = true                                      {product} {ergonomic}
     bool UseCompressedClassPointers               = true                                 {lp64_product} {ergonomic}
     bool UseCompressedOops                        = true                                 {lp64_product} {ergonomic}
     bool UseG1GC                                  = true                                      {product} {ergonomic}
     bool UseLargePagesIndividualAllocation        = false                                  {pd product} {ergonomic}

Logging:
Log output configuration:
 #0: stdout all=warning uptime,level,tags
 #1: stderr all=off uptime,level,tags

Environment Variables:
JAVA_HOME=D:\Unity\2022.3.38f1\Editor\Data\PlaybackEngines\AndroidPlayer\OpenJDK
PATH=C:\Program Files\NVIDIA GPU Computing Toolkit\CUDA\v12.1\bin;C:\Program Files\NVIDIA GPU Computing Toolkit\CUDA\v12.1\libnvvp;C:\Program Files (x86)\Common Files\Intel\Shared Libraries\redist\intel64\compiler;C:\Program Files\Common Files\Oracle\Java\javapath;C:\Program Files (x86)\Common Files\Oracle\Java\javapath;C:\ProgramData\Oracle\Java\javapath;C:\Windows\system32;C:\Windows;C:\Windows\System32\Wbem;C:\Windows\System32\WindowsPowerShell\v1.0\;C:\Program Files (x86)\NVIDIA Corporation\PhysX\Common;C:\Program Files (x86)\Skype\Phone\;C:\Program Files (x86)\GtkSharp\2.12\bin;C:\Program Files\Microsoft SQL Server\Client SDK\ODBC\110\Tools\Binn\;C:\Program Files (x86)\Microsoft SQL Server\120\Tools\Binn\ManagementStudio\;C:\Program Files (x86)\Microsoft SQL Server\120\Tools\Binn\;C:\Program Files\Microsoft SQL Server\120\Tools\Binn\;C:\Program Files (x86)\Microsoft SQL Server\120\DTS\Binn\;C:\Program Files\Microsoft SQL Server\120\DTS\Binn\;D:\Matlab\runtime\win64;D:\Matlab\bin;D:\Matlab\polyspace\bin;C:\Users\Home\Desktop\ffmpeg-4.3.2-2021-02-27-full_build\bin;C:\Program Files\dotnet\;C:\Program Files\Microsoft SQL Server\130\Tools\Binn\;C:\Program Files\Microsoft SQL Server\Client SDK\ODBC\170\Tools\Binn\;C:\Users\Home\AppData\Local\Programs\Python\Python310\;C:\Users\Home\AppData\Local\Programs\Python\Python310\Scripts\;C:\Windows\system32;C:\Windows;C:\Windows\System32\Wbem;C:\Windows\System32\WindowsPowerShell\v1.0\;C:\Windows\System32\OpenSSH\;C:\Program Files\NVIDIA Corporation\NVIDIA NvDLISR;C:\Program Files\NVIDIA Corporation\Nsight Compute 2023.1.1\;C:\zlib\dll_x64\zlibwapi.dll;C:\Program Files (x86)\Windows Kits\10\Windows Performance Toolkit\;C:\Users\Home\AppData\Local\Programs\Python\Python310\Scripts\;C:\Users\Home\AppData\Local\Programs\Python\Python310\;C:\Program Files\MySQL\MySQL Shell 8.0\bin\;C:\Users\Home\AppData\Local\Programs\Microsoft VS Code\bin;C:\Users\Home\AppData\Local\Microsoft\WindowsApps;C:\Program Files\NVIDIA GPU Computing Toolk
USERNAME=Home
OS=Windows_NT
PROCESSOR_IDENTIFIER=AMD64 Family 25 Model 33 Stepping 2, AuthenticAMD



---------------  S Y S T E M  ---------------

OS: Windows 10 , 64 bit Build 19041 (10.0.19041.2364)
OS uptime: 21 days 4:51 hours
Hyper-V role detected

CPU:total 16 (initial active 16) (16 cores per cpu, 2 threads per core) family 25 model 33 stepping 2 microcode 0x0, cmov, cx8, fxsr, mmx, sse, sse2, sse3, ssse3, sse4.1, sse4.2, popcnt, avx, avx2, aes, clmul, erms, mmxext, 3dnowpref, lzcnt, sse4a, ht, tsc, tscinvbit, tscinv, bmi1, bmi2, adx, sha, fma

Memory: 4k page, system-wide physical 32691M (3825M free)
TotalPageFile size 62691M (AvailPageFile size 258M)
current process WorkingSet (physical memory assigned to process): 11M, peak: 11M
current process commit charge ("private bytes"): 71M, peak: 583M

vm_info: OpenJDK 64-Bit Server VM (11.0.14.1+1) for windows-amd64 JRE (11.0.14.1+1), built on Feb  9 2022 01:48:27 by "" with unknown MS VC++:1916

END.
