#
# There is insufficient memory for the Java Runtime Environment to continue.
# Native memory allocation (mmap) failed to map 536870912 bytes for G1 virtual space
# Possible reasons:
#   The system is out of physical RAM or swap space
#   The process is running with CompressedOops enabled, and the Java Heap may be blocking the growth of the native heap
# Possible solutions:
#   Reduce memory load on the system
#   Increase physical memory or swap space
#   Check if swap backing store is full
#   Decrease Java heap size (-Xmx/-Xms)
#   Decrease number of Java threads
#   Decrease Java thread stack sizes (-Xss)
#   Set larger code cache with -XX:ReservedCodeCacheSize=
#   JVM is running with Zero Based Compressed Oops mode in which the Java heap is
#     placed in the first 32GB address space. The Java Heap base address is the
#     maximum limit for the native heap growth. Please use -XX:HeapBaseMinAddress
#     to set the Java Heap base and to place the Java Heap above 32GB virtual address.
# This output file may be truncated or incomplete.
#
#  Out of Memory Error (os_windows.cpp:3469), pid=48440, tid=41756
#
# JRE version:  (17.0.1+12) (build )
# Java VM: Java HotSpot(TM) 64-Bit Server VM (17.0.1+12-LTS-39, mixed mode, sharing, tiered, compressed oops, compressed class ptrs, g1 gc, windows-amd64)
# No core dump will be written. Minidumps are not enabled by default on client versions of Windows
#

---------------  S U M M A R Y ------------

Command Line: 

Host: AMD Ryzen 7 5700X 8-Core Processor             , 16 cores, 31G,  Windows 10 , 64 bit Build 19041 (10.0.19041.2364)
Time: Mon Jul 22 08:01:04 2024 RTZ 1 (s 10 , 64 bit Build 19041 (10.0.19041.2364) elapsed time: 0.007843 seconds (0d 0h 0m 0s)

---------------  T H R E A D  ---------------

Current thread (0x0000027cd35c62a0):  JavaThread "Unknown thread" [_thread_in_vm, id=41756, stack(0x000000833d800000,0x000000833d900000)]

Stack: [0x000000833d800000,0x000000833d900000]
Native frames: (J=compiled Java code, j=interpreted, Vv=VM code, C=native code)
V  [jvm.dll+0x66fa1a]
V  [jvm.dll+0x7ce5a4]
V  [jvm.dll+0x7cfd4e]
V  [jvm.dll+0x7d03b3]
V  [jvm.dll+0x242b05]
V  [jvm.dll+0x66ca39]
V  [jvm.dll+0x661502]
V  [jvm.dll+0x30081b]
V  [jvm.dll+0x307da6]
V  [jvm.dll+0x357a1e]
V  [jvm.dll+0x357c4f]
V  [jvm.dll+0x2d7ad8]
V  [jvm.dll+0x2d8a44]
V  [jvm.dll+0x7a01e1]
V  [jvm.dll+0x365791]
V  [jvm.dll+0x77f6cc]
V  [jvm.dll+0x3e812f]
V  [jvm.dll+0x3e9bd1]
C  [jli.dll+0x527b]
C  [ucrtbase.dll+0x21bb2]
C  [KERNEL32.DLL+0x17614]
C  [ntdll.dll+0x526a1]


---------------  P R O C E S S  ---------------

Threads class SMR info:
_java_thread_list=0x00007ffe2c497818, length=0, elements={
}

Java Threads: ( => current thread )

Other Threads:
  0x0000027cd363d610 GCTaskThread "GC Thread#0" [stack: 0x000000833d900000,0x000000833da00000] [id=19864]
  0x0000027cd364e5a0 ConcurrentGCThread "G1 Main Marker" [stack: 0x000000833da00000,0x000000833db00000] [id=37420]
  0x0000027cd3650760 ConcurrentGCThread "G1 Conc#0" [stack: 0x000000833db00000,0x000000833dc00000] [id=44384]

[error occurred during error reporting (printing all threads), id 0xc0000005, EXCEPTION_ACCESS_VIOLATION (0xc0000005) at pc=0x00007ffe2bce84b7]

VM state: not at safepoint (not fully initialized)

VM Mutex/Monitor currently owned by a thread:  ([mutex/lock_event])
[0x0000027cd35c0d80] Heap_lock - owner thread: 0x0000027cd35c62a0

Heap address: 0x0000000601000000, size: 8176 MB, Compressed Oops mode: Zero based, Oop shift amount: 3

CDS archive(s) mapped at: [0x0000000000000000-0x0000000000000000-0x0000000000000000), size 0, SharedBaseAddress: 0x0000000800000000, ArchiveRelocationMode: 0.
Narrow klass base: 0x0000000000000000, Narrow klass shift: 0, Narrow klass range: 0x0

GC Precious Log:
<Empty>

Heap:
 garbage-first heap   total 0K, used 0K [0x0000000601000000, 0x0000000800000000)
  region size 4096K, 0 young (0K), 0 survivors (0K)

[error occurred during error reporting (printing heap information), id 0xc0000005, EXCEPTION_ACCESS_VIOLATION (0xc0000005) at pc=0x00007ffe2c0c8d89]

GC Heap History (0 events):
No events

Deoptimization events (0 events):
No events

Classes unloaded (0 events):
No events

Classes redefined (0 events):
No events

Internal exceptions (0 events):
No events

VM Operations (0 events):
No events

Events (1 events):
Event: 0.004 Loaded shared library C:\Program Files\Java\jdk-17.0.1\bin\java.dll


Dynamic libraries:
0x00007ff7e8db0000 - 0x00007ff7e8dc0000 	C:\Program Files\Java\jdk-17.0.1\bin\java.exe
0x00007ffeb2350000 - 0x00007ffeb2548000 	C:\Windows\SYSTEM32\ntdll.dll
0x00007ffe7e3b0000 - 0x00007ffe7e3c9000 	C:\Program Files\AVAST Software\Avast\aswhook.dll
0x00007ffeb17c0000 - 0x00007ffeb187f000 	C:\Windows\System32\KERNEL32.DLL
0x00007ffeaf2c0000 - 0x00007ffeaf592000 	C:\Windows\System32\KERNELBASE.dll
0x00007ffeaf110000 - 0x00007ffeaf210000 	C:\Windows\System32\ucrtbase.dll
0x00007ffe8e860000 - 0x00007ffe8e878000 	C:\Program Files\Java\jdk-17.0.1\bin\jli.dll
0x00007ffe75cb0000 - 0x00007ffe75cca000 	C:\Program Files\Java\jdk-17.0.1\bin\VCRUNTIME140.dll
0x00007ffeb2140000 - 0x00007ffeb21ee000 	C:\Windows\System32\ADVAPI32.dll
0x00007ffeb1a60000 - 0x00007ffeb1afe000 	C:\Windows\System32\msvcrt.dll
0x00007ffeb20a0000 - 0x00007ffeb213c000 	C:\Windows\System32\sechost.dll
0x00007ffeb0120000 - 0x00007ffeb0245000 	C:\Windows\System32\RPCRT4.dll
0x00007ffeafbd0000 - 0x00007ffeafd71000 	C:\Windows\System32\USER32.dll
0x00007ffeaf8d0000 - 0x00007ffeaf8f2000 	C:\Windows\System32\win32u.dll
0x00007ffe993c0000 - 0x00007ffe9965a000 	C:\Windows\WinSxS\amd64_microsoft.windows.common-controls_6595b64144ccf1df_6.0.19041.1110_none_60b5254171f9507e\COMCTL32.dll
0x00007ffeb1fc0000 - 0x00007ffeb1feb000 	C:\Windows\System32\GDI32.dll
0x00007ffeaf790000 - 0x00007ffeaf89f000 	C:\Windows\System32\gdi32full.dll
0x00007ffeaf910000 - 0x00007ffeaf9ad000 	C:\Windows\System32\msvcp_win.dll
0x00007ffea8130000 - 0x00007ffea813a000 	C:\Windows\SYSTEM32\VERSION.dll
0x00007ffeaf9e0000 - 0x00007ffeafa12000 	C:\Windows\System32\IMM32.DLL
0x00007ffe873e0000 - 0x00007ffe873ec000 	C:\Program Files\Java\jdk-17.0.1\bin\vcruntime140_1.dll
0x00007ffe62b10000 - 0x00007ffe62b9d000 	C:\Program Files\Java\jdk-17.0.1\bin\msvcp140.dll
0x00007ffe2ba00000 - 0x00007ffe2c5be000 	C:\Program Files\Java\jdk-17.0.1\bin\server\jvm.dll
0x00007ffeb1b00000 - 0x00007ffeb1b08000 	C:\Windows\System32\PSAPI.DLL
0x00007ffe97800000 - 0x00007ffe97809000 	C:\Windows\SYSTEM32\WSOCK32.dll
0x00007ffea45d0000 - 0x00007ffea45f7000 	C:\Windows\SYSTEM32\WINMM.dll
0x00007ffeafb00000 - 0x00007ffeafb6b000 	C:\Windows\System32\WS2_32.dll
0x00007ffeacf00000 - 0x00007ffeacf12000 	C:\Windows\SYSTEM32\kernel.appcore.dll
0x00007ffe75ca0000 - 0x00007ffe75caa000 	C:\Program Files\Java\jdk-17.0.1\bin\jimage.dll
0x00007ffea5aa0000 - 0x00007ffea5c84000 	C:\Windows\SYSTEM32\DBGHELP.DLL
0x00007ffea53a0000 - 0x00007ffea53d5000 	C:\Windows\SYSTEM32\dbgcore.DLL
0x00007ffeaf700000 - 0x00007ffeaf782000 	C:\Windows\System32\bcryptPrimitives.dll
0x00007ffe68960000 - 0x00007ffe68985000 	C:\Program Files\Java\jdk-17.0.1\bin\java.dll

dbghelp: loaded successfully - version: 4.0.5 - missing functions: none
symbol engine: initialized successfully - sym options: 0x614 - pdb path: .;C:\Program Files\Java\jdk-17.0.1\bin;C:\Windows\SYSTEM32;C:\Program Files\AVAST Software\Avast;C:\Windows\WinSxS\amd64_microsoft.windows.common-controls_6595b64144ccf1df_6.0.19041.1110_none_60b5254171f9507e;C:\Program Files\Java\jdk-17.0.1\bin\server

VM Arguments:
java_command: <unknown>
java_class_path (initial): <not set>
Launcher Type: SUN_STANDARD

[Global flags]
     intx CICompilerCount                          = 12                                        {product} {ergonomic}
     uint ConcGCThreads                            = 3                                         {product} {ergonomic}
     uint G1ConcRefinementThreads                  = 13                                        {product} {ergonomic}
   size_t G1HeapRegionSize                         = 4194304                                   {product} {ergonomic}
    uintx GCDrainStackTargetSize                   = 64                                        {product} {ergonomic}
   size_t InitialHeapSize                          = 536870912                                 {product} {ergonomic}
   size_t MarkStackSize                            = 4194304                                   {product} {ergonomic}
   size_t MaxHeapSize                              = 8573157376                                {product} {ergonomic}
   size_t MinHeapDeltaBytes                        = 4194304                                   {product} {ergonomic}
   size_t MinHeapSize                              = 8388608                                   {product} {ergonomic}
    uintx NonNMethodCodeHeapSize                   = 7602480                                {pd product} {ergonomic}
    uintx NonProfiledCodeHeapSize                  = 122027880                              {pd product} {ergonomic}
    uintx ProfiledCodeHeapSize                     = 122027880                              {pd product} {ergonomic}
    uintx ReservedCodeCacheSize                    = 251658240                              {pd product} {ergonomic}
     bool SegmentedCodeCache                       = true                                      {product} {ergonomic}
   size_t SoftMaxHeapSize                          = 8573157376                             {manageable} {ergonomic}
     bool UseCompressedClassPointers               = true                           {product lp64_product} {ergonomic}
     bool UseCompressedOops                        = true                           {product lp64_product} {ergonomic}
     bool UseG1GC                                  = true                                      {product} {ergonomic}
     bool UseLargePagesIndividualAllocation        = false                                  {pd product} {ergonomic}

Logging:
Log output configuration:
 #0: stdout all=warning uptime,level,tags
 #1: stderr all=off uptime,level,tags

Environment Variables:
PATH=C:\Program Files\NVIDIA GPU Computing Toolkit\CUDA\v12.1\bin;C:\Program Files\NVIDIA GPU Computing Toolkit\CUDA\v12.1\libnvvp;C:\Program Files (x86)\Common Files\Intel\Shared Libraries\redist\intel64\compiler;C:\Program Files\Common Files\Oracle\Java\javapath;C:\Program Files (x86)\Common Files\Oracle\Java\javapath;C:\ProgramData\Oracle\Java\javapath;C:\Windows\system32;C:\Windows;C:\Windows\System32\Wbem;C:\Windows\System32\WindowsPowerShell\v1.0\;C:\Program Files (x86)\NVIDIA Corporation\PhysX\Common;C:\Program Files (x86)\Skype\Phone\;C:\Program Files (x86)\GtkSharp\2.12\bin;C:\Program Files\Microsoft SQL Server\Client SDK\ODBC\110\Tools\Binn\;C:\Program Files (x86)\Microsoft SQL Server\120\Tools\Binn\ManagementStudio\;C:\Program Files (x86)\Microsoft SQL Server\120\Tools\Binn\;C:\Program Files\Microsoft SQL Server\120\Tools\Binn\;C:\Program Files (x86)\Microsoft SQL Server\120\DTS\Binn\;C:\Program Files\Microsoft SQL Server\120\DTS\Binn\;D:\Matlab\runtime\win64;D:\Matlab\bin;D:\Matlab\polyspace\bin;C:\Users\Home\Desktop\ffmpeg-4.3.2-2021-02-27-full_build\bin;C:\Program Files\dotnet\;C:\Program Files\Microsoft SQL Server\130\Tools\Binn\;C:\Program Files\Microsoft SQL Server\Client SDK\ODBC\170\Tools\Binn\;C:\Users\Home\AppData\Local\Programs\Python\Python310\;C:\Users\Home\AppData\Local\Programs\Python\Python310\Scripts\;C:\Windows\system32;C:\Windows;C:\Windows\System32\Wbem;C:\Windows\System32\WindowsPowerShell\v1.0\;C:\Windows\System32\OpenSSH\;C:\Program Files\NVIDIA Corporation\NVIDIA NvDLISR;C:\Program Files\NVIDIA Corporation\Nsight Compute 2023.1.1\;C:\zlib\dll_x64\zlibwapi.dll;C:\Program Files (x86)\Windows Kits\10\Windows Performance Toolkit\;C:\Users\Home\AppData\Local\Programs\Python\Python310\Scripts\;C:\Users\Home\AppData\Local\Programs\Python\Python310\;C:\Program Files\MySQL\MySQL Shell 8.0\bin\;C:\Users\Home\AppData\Local\Programs\Microsoft VS Code\bin;C:\Users\Home\AppData\Local\Microsoft\WindowsApps;C:\Program Files\NVIDIA GPU Computing Toolk
USERNAME=Home
OS=Windows_NT
PROCESSOR_IDENTIFIER=AMD64 Family 25 Model 33 Stepping 2, AuthenticAMD



---------------  S Y S T E M  ---------------

OS:
 Windows 10 , 64 bit Build 19041 (10.0.19041.2364)
OS uptime: 21 days 5:40 hours
Hyper-V role detected

CPU: total 16 (initial active 16) (16 cores per cpu, 2 threads per core) family 25 model 33 stepping 2 microcode 0x0, cx8, cmov, fxsr, ht, mmx, 3dnowpref, sse, sse2, sse3, ssse3, sse4a, sse4.1, sse4.2, popcnt, lzcnt, tsc, tscinvbit, avx, avx2, aes, erms, clmul, bmi1, bmi2, adx, sha, fma, vzeroupper, clflush, clflushopt, hv

Memory: 4k page, system-wide physical 32691M (4847M free)
TotalPageFile size 62691M (AvailPageFile size 457M)
current process WorkingSet (physical memory assigned to process): 11M, peak: 11M
current process commit charge ("private bytes"): 70M, peak: 582M

vm_info: Java HotSpot(TM) 64-Bit Server VM (17.0.1+12-LTS-39) for windows-amd64 JRE (17.0.1+12-LTS-39), built on Sep 27 2021 18:41:35 by "mach5one" with MS VC++ 16.8 (VS2019)

END.
